2016-10-07 16:45:27,181 - Prepend the reference with '$!' e.g., $!mapping.getAuthor() if you want Velocity to ignore the reference when it evaluates to null
2016-10-07 16:45:27,183 - Exception rendering block bodyContent at /velocity/layout.vm[line 71, column 5]
2016-10-07 16:45:27,183 - Exception in macro #mainLayout called at /velocity/mappings/mapping.vm[line 3, column 1]
2016-10-15 10:41:17,747 - ResourceManager : unable to find resource '/velocity/overview/overview.vm' in any resource loader.
2016-10-15 10:41:17,747 - ResourceManager : unable to find resource '/velocity/overview/overview.vm' in any resource loader.
2016-10-15 10:41:37,953 - ResourceManager : unable to find resource '/velocity/overview/overview.vm' in any resource loader.
2016-10-15 10:41:37,953 - ResourceManager : unable to find resource '/velocity/overview/overview.vm' in any resource loader.
2016-10-15 10:41:37,953 - ResourceManager : unable to find resource '/velocity/overview/overview.vm' in any resource loader.
2016-10-15 10:41:37,953 - ResourceManager : unable to find resource '/velocity/overview/overview.vm' in any resource loader.
2016-10-15 10:41:37,953 - ResourceManager : unable to find resource '/velocity/overview/overview.vm' in any resource loader.
2016-10-15 10:41:37,953 - ResourceManager : unable to find resource '/velocity/overview/overview.vm' in any resource loader.
2016-10-15 10:43:02,231 - ResourceManager : unable to find resource '/velocity/metadata/metadata.vm' in any resource loader.
2016-10-15 10:43:02,231 - ResourceManager : unable to find resource '/velocity/metadata/metadata.vm' in any resource loader.
2016-10-15 10:45:55,297 - ResourceManager : unable to find resource '/velocity/login/account.vm' in any resource loader.
2016-10-15 10:46:00,513 - ResourceManager : unable to find resource '/velocity/metadata/metadata.vm' in any resource loader.
2016-10-15 10:46:02,074 - ResourceManager : unable to find resource '/velocity/metadata/metadata.vm' in any resource loader.
2016-10-15 10:46:02,074 - ResourceManager : unable to find resource '/velocity/metadata/metadata.vm' in any resource loader.
2016-10-15 10:46:02,074 - ResourceManager : unable to find resource '/velocity/metadata/metadata.vm' in any resource loader.
2016-10-15 11:35:03,734 - Exception rendering block bodyContent at /velocity/layout.vm[line 71, column 5]
2016-10-15 11:35:03,734 - Exception in macro #mainLayout called at /velocity/data/data.vm[line 2, column 1]
2016-10-15 11:35:57,370 - ResourceManager : unable to find resource '/velocity/overview/overview.vm' in any resource loader.
2016-10-15 11:35:57,370 - ResourceManager : unable to find resource '/velocity/overview/overview.vm' in any resource loader.
2016-10-15 11:35:57,370 - ResourceManager : unable to find resource '/velocity/overview/overview.vm' in any resource loader.
2016-10-15 11:35:57,370 - ResourceManager : unable to find resource '/velocity/overview/overview.vm' in any resource loader.
2016-10-15 18:55:37,526 - ResourceManager : unable to find resource '/velocity/overview/overview.vm' in any resource loader.
2016-10-15 18:55:37,526 - ResourceManager : unable to find resource '/velocity/overview/overview.vm' in any resource loader.
2016-10-15 18:55:37,526 - ResourceManager : unable to find resource '/velocity/overview/overview.vm' in any resource loader.
2016-10-15 18:55:37,526 - ResourceManager : unable to find resource '/velocity/overview/overview.vm' in any resource loader.
2016-10-15 18:55:37,526 - ResourceManager : unable to find resource '/velocity/overview/overview.vm' in any resource loader.
2016-10-15 18:55:37,526 - ResourceManager : unable to find resource '/velocity/overview/overview.vm' in any resource loader.
2016-10-15 18:55:37,526 - ResourceManager : unable to find resource '/velocity/overview/overview.vm' in any resource loader.
2016-10-15 18:55:37,526 - ResourceManager : unable to find resource '/velocity/overview/overview.vm' in any resource loader.
2016-10-15 18:55:37,526 - ResourceManager : unable to find resource '/velocity/overview/overview.vm' in any resource loader.
2016-10-15 18:55:37,526 - ResourceManager : unable to find resource '/velocity/overview/overview.vm' in any resource loader.
